[2023-05-09 17:39:38] local.ERROR: SQLSTATE[42S02]: Base table or view not found: 1146 Table 'hospital.translations' doesn't exist (SQL: select * from `translations` where `table_name` = services and `locale` in (en, ar, ru) and `translations`.`foreign_key` in (4) and (`locale` = en or `locale` = en)) {"exception":"[object] (Illuminate\\Database\\QueryException(code: 42S02): SQLSTATE[42S02]: Base table or view not found: 1146 Table 'hospital.translations' doesn't exist (SQL: select * from `translations` where `table_name` = services and `locale` in (en, ar, ru) and `translations`.`foreign_key` in (4) and (`locale` = en or `locale` = en)) at /home/elmir/Desktop/hospital-project - Copy/vendor/laravel/framework/src/Illuminate/Database/Connection.php:760)
[stacktrace]
#0 /home/elmir/Desktop/hospital-project - Copy/vendor/laravel/framework/src/Illuminate/Database/Connection.php(720): Illuminate\\Database\\Connection->runQueryCallback()
#1 /home/elmir/Desktop/hospital-project - Copy/vendor/laravel/framework/src/Illuminate/Database/Connection.php(405): Illuminate\\Database\\Connection->run()
#2 /home/elmir/Desktop/hospital-project - Copy/vendor/laravel/framework/src/Illuminate/Database/Query/Builder.php(2705): Illuminate\\Database\\Connection->select()
#3 /home/elmir/Desktop/hospital-project - Copy/vendor/laravel/framework/src/Illuminate/Database/Query/Builder.php(2694): Illuminate\\Database\\Query\\Builder->runSelect()
#4 /home/elmir/Desktop/hospital-project - Copy/vendor/laravel/framework/src/Illuminate/Database/Query/Builder.php(3230): Illuminate\\Database\\Query\\Builder->Illuminate\\Database\\Query\\{closure}()
#5 /home/elmir/Desktop/hospital-project - Copy/vendor/laravel/framework/src/Illuminate/Database/Query/Builder.php(2693): Illuminate\\Database\\Query\\Builder->onceWithColumns()
#6 /home/elmir/Desktop/hospital-project - Copy/vendor/laravel/framework/src/Illuminate/Database/Eloquent/Builder.php(710): Illuminate\\Database\\Query\\Builder->get()
#7 /home/elmir/Desktop/hospital-project - Copy/vendor/laravel/framework/src/Illuminate/Database/Eloquent/Builder.php(694): Illuminate\\Database\\Eloquent\\Builder->getModels()
#8 /home/elmir/Desktop/hospital-project - Copy/vendor/laravel/framework/src/Illuminate/Database/Eloquent/Relations/Relation.php(195): Illuminate\\Database\\Eloquent\\Builder->get()
#9 /home/elmir/Desktop/hospital-project - Copy/vendor/laravel/framework/src/Illuminate/Database/Eloquent/Relations/Relation.php(158): Illuminate\\Database\\Eloquent\\Relations\\Relation->get()
#10 /home/elmir/Desktop/hospital-project - Copy/vendor/laravel/framework/src/Illuminate/Database/Eloquent/Builder.php(758): Illuminate\\Database\\Eloquent\\Relations\\Relation->getEager()
#11 /home/elmir/Desktop/hospital-project - Copy/vendor/laravel/framework/src/Illuminate/Database/Eloquent/Builder.php(727): Illuminate\\Database\\Eloquent\\Builder->eagerLoadRelation()
#12 /home/elmir/Desktop/hospital-project - Copy/vendor/laravel/framework/src/Illuminate/Database/Eloquent/Builder.php(695): Illuminate\\Database\\Eloquent\\Builder->eagerLoadRelations()
#13 /home/elmir/Desktop/hospital-project - Copy/app/Http/Controllers/front/HomeController.php(35): Illuminate\\Database\\Eloquent\\Builder->get()
#14 [internal function]: App\\Http\\Controllers\\front\\HomeController->__construct()
#15 /home/elmir/Desktop/hospital-project - Copy/vendor/laravel/framework/src/Illuminate/Container/Container.php(929): ReflectionClass->newInstanceArgs()
#16 /home/elmir/Desktop/hospital-project - Copy/vendor/laravel/framework/src/Illuminate/Container/Container.php(770): Illuminate\\Container\\Container->build()
#17 /home/elmir/Desktop/hospital-project - Copy/vendor/laravel/framework/src/Illuminate/Foundation/Application.php(856): Illuminate\\Container\\Container->resolve()
#18 /home/elmir/Desktop/hospital-project - Copy/vendor/laravel/framework/src/Illuminate/Container/Container.php(706): Illuminate\\Foundation\\Application->resolve()
#19 /home/elmir/Desktop/hospital-project - Copy/vendor/laravel/framework/src/Illuminate/Foundation/Application.php(841): Illuminate\\Container\\Container->make()
#20 /home/elmir/Desktop/hospital-project - Copy/vendor/laravel/framework/src/Illuminate/Routing/Route.php(274): Illuminate\\Foundation\\Application->make()
#21 /home/elmir/Desktop/hospital-project - Copy/vendor/laravel/framework/src/Illuminate/Routing/Route.php(1099): Illuminate\\Routing\\Route->getController()
#22 /home/elmir/Desktop/hospital-project - Copy/vendor/laravel/framework/src/Illuminate/Routing/Route.php(1030): Illuminate\\Routing\\Route->controllerMiddleware()
#23 /home/elmir/Desktop/hospital-project - Copy/vendor/laravel/framework/src/Illuminate/Routing/Router.php(810): Illuminate\\Routing\\Route->gatherMiddleware()
#24 /home/elmir/Desktop/hospital-project - Copy/vendor/laravel/framework/src/Illuminate/Routing/Router.php(792): Illuminate\\Routing\\Router->gatherRouteMiddleware()
#25 /home/elmir/Desktop/hospital-project - Copy/vendor/laravel/framework/src/Illuminate/Routing/Router.php(776): Illuminate\\Routing\\Router->runRouteWithinStack()
#26 /home/elmir/Desktop/hospital-project - Copy/vendor/laravel/framework/src/Illuminate/Routing/Router.php(740): Illuminate\\Routing\\Router->runRoute()
#27 /home/elmir/Desktop/hospital-project - Copy/vendor/laravel/framework/src/Illuminate/Routing/Router.php(729): Illuminate\\Routing\\Router->dispatchToRoute()
#28 /home/elmir/Desktop/hospital-project - Copy/vendor/laravel/framework/src/Illuminate/Foundation/Http/Kernel.php(190): Illuminate\\Routing\\Router->dispatch()
#29 /home/elmir/Desktop/hospital-project - Copy/vendor/laravel/framework/src/Illuminate/Pipeline/Pipeline.php(141): Illuminate\\Foundation\\Http\\Kernel->Illuminate\\Foundation\\Http\\{closure}()
#30 /home/elmir/Desktop/hospital-project - Copy/vendor/laravel/framework/src/Illuminate/Foundation/Http/Middleware/TransformsRequest.php(21): Illuminate\\Pipeline\\Pipeline->Illuminate\\Pipeline\\{closure}()
#31 /home/elmir/Desktop/hospital-project - Copy/vendor/laravel/framework/src/Illuminate/Foundation/Http/Middleware/ConvertEmptyStringsToNull.php(31): Illuminate\\Foundation\\Http\\Middleware\\TransformsRequest->handle()
#32 /home/elmir/Desktop/hospital-project - Copy/vendor/laravel/framework/src/Illuminate/Pipeline/Pipeline.php(180): Illuminate\\Foundation\\Http\\Middleware\\ConvertEmptyStringsToNull->handle()
#33 /home/elmir/Desktop/hospital-project - Copy/vendor/laravel/framework/src/Illuminate/Foundation/Http/Middleware/TransformsRequest.php(21): Illuminate\\Pipeline\\Pipeline->Illuminate\\Pipeline\\{closure}()
#34 /home/elmir/Desktop/hospital-project - Copy/vendor/laravel/framework/src/Illuminate/Foundation/Http/Middleware/TrimStrings.php(40): Illuminate\\Foundation\\Http\\Middleware\\TransformsRequest->handle()
#35 /home/elmir/Desktop/hospital-project - Copy/vendor/laravel/framework/src/Illuminate/Pipeline/Pipeline.php(180): Illuminate\\Foundation\\Http\\Middleware\\TrimStrings->handle()
#36 /home/elmir/Desktop/hospital-project - Copy/vendor/laravel/framework/src/Illuminate/Foundation/Http/Middleware/ValidatePostSize.php(27): Illuminate\\Pipeline\\Pipeline->Illuminate\\Pipeline\\{closure}()
#37 /home/elmir/Desktop/hospital-project - Copy/vendor/laravel/framework/src/Illuminate/Pipeline/Pipeline.php(180): Illuminate\\Foundation\\Http\\Middleware\\ValidatePostSize->handle()
#38 /home/elmir/Desktop/hospital-project - Copy/vendor/laravel/framework/src/Illuminate/Foundation/Http/Middleware/PreventRequestsDuringMaintenance.php(86): Illuminate\\Pipeline\\Pipeline->Illuminate\\Pipeline\\{closure}()
#39 /home/elmir/Desktop/hospital-project - Copy/vendor/laravel/framework/src/Illuminate/Pipeline/Pipeline.php(180): Illuminate\\Foundation\\Http\\Middleware\\PreventRequestsDuringMaintenance->handle()
#40 /home/elmir/Desktop/hospital-project - Copy/vendor/laravel/framework/src/Illuminate/Http/Middleware/HandleCors.php(49): Illuminate\\Pipeline\\Pipeline->Illuminate\\Pipeline\\{closure}()
#41 /home/elmir/Desktop/hospital-project - Copy/vendor/laravel/framework/src/Illuminate/Pipeline/Pipeline.php(180): Illuminate\\Http\\Middleware\\HandleCors->handle()
#42 /home/elmir/Desktop/hospital-project - Copy/vendor/laravel/framework/src/Illuminate/Http/Middleware/TrustProxies.php(39): Illuminate\\Pipeline\\Pipeline->Illuminate\\Pipeline\\{closure}()
#43 /home/elmir/Desktop/hospital-project - Copy/vendor/laravel/framework/src/Illuminate/Pipeline/Pipeline.php(180): Illuminate\\Http\\Middleware\\TrustProxies->handle()
#44 /home/elmir/Desktop/hospital-project - Copy/vendor/laravel/framework/src/Illuminate/Pipeline/Pipeline.php(116): Illuminate\\Pipeline\\Pipeline->Illuminate\\Pipeline\\{closure}()
#45 /home/elmir/Desktop/hospital-project - Copy/vendor/laravel/framework/src/Illuminate/Foundation/Http/Kernel.php(165): Illuminate\\Pipeline\\Pipeline->then()
#46 /home/elmir/Desktop/hospital-project - Copy/vendor/laravel/framework/src/Illuminate/Foundation/Http/Kernel.php(134): Illuminate\\Foundation\\Http\\Kernel->sendRequestThroughRouter()
#47 /home/elmir/Desktop/hospital-project - Copy/public/index.php(51): Illuminate\\Foundation\\Http\\Kernel->handle()
#48 /home/elmir/Desktop/hospital-project - Copy/vendor/laravel/framework/src/Illuminate/Foundation/resources/server.php(16): require_once('...')
#49 {main}

[previous exception] [object] (Doctrine\\DBAL\\Driver\\PDO\\Exception(code: 42S02): SQLSTATE[42S02]: Base table or view not found: 1146 Table 'hospital.translations' doesn't exist at /home/elmir/Desktop/hospital-project - Copy/vendor/doctrine/dbal/lib/Doctrine/DBAL/Driver/PDO/Exception.php:18)
[stacktrace]
#0 /home/elmir/Desktop/hospital-project - Copy/vendor/doctrine/dbal/lib/Doctrine/DBAL/Driver/PDOConnection.php(87): Doctrine\\DBAL\\Driver\\PDO\\Exception::new()
#1 /home/elmir/Desktop/hospital-project - Copy/vendor/laravel/framework/src/Illuminate/Database/Connection.php(414): Doctrine\\DBAL\\Driver\\PDOConnection->prepare()
#2 /home/elmir/Desktop/hospital-project - Copy/vendor/laravel/framework/src/Illuminate/Database/Connection.php(753): Illuminate\\Database\\Connection->Illuminate\\Database\\{closure}()
#3 /home/elmir/Desktop/hospital-project - Copy/vendor/laravel/framework/src/Illuminate/Database/Connection.php(720): Illuminate\\Database\\Connection->runQueryCallback()
#4 /home/elmir/Desktop/hospital-project - Copy/vendor/laravel/framework/src/Illuminate/Database/Connection.php(405): Illuminate\\Database\\Connection->run()
#5 /home/elmir/Desktop/hospital-project - Copy/vendor/laravel/framework/src/Illuminate/Database/Query/Builder.php(2705): Illuminate\\Database\\Connection->select()
#6 /home/elmir/Desktop/hospital-project - Copy/vendor/laravel/framework/src/Illuminate/Database/Query/Builder.php(2694): Illuminate\\Database\\Query\\Builder->runSelect()
#7 /home/elmir/Desktop/hospital-project - Copy/vendor/laravel/framework/src/Illuminate/Database/Query/Builder.php(3230): Illuminate\\Database\\Query\\Builder->Illuminate\\Database\\Query\\{closure}()
#8 /home/elmir/Desktop/hospital-project - Copy/vendor/laravel/framework/src/Illuminate/Database/Query/Builder.php(2693): Illuminate\\Database\\Query\\Builder->onceWithColumns()
#9 /home/elmir/Desktop/hospital-project - Copy/vendor/laravel/framework/src/Illuminate/Database/Eloquent/Builder.php(710): Illuminate\\Database\\Query\\Builder->get()
#10 /home/elmir/Desktop/hospital-project - Copy/vendor/laravel/framework/src/Illuminate/Database/Eloquent/Builder.php(694): Illuminate\\Database\\Eloquent\\Builder->getModels()
#11 /home/elmir/Desktop/hospital-project - Copy/vendor/laravel/framework/src/Illuminate/Database/Eloquent/Relations/Relation.php(195): Illuminate\\Database\\Eloquent\\Builder->get()
#12 /home/elmir/Desktop/hospital-project - Copy/vendor/laravel/framework/src/Illuminate/Database/Eloquent/Relations/Relation.php(158): Illuminate\\Database\\Eloquent\\Relations\\Relation->get()
#13 /home/elmir/Desktop/hospital-project - Copy/vendor/laravel/framework/src/Illuminate/Database/Eloquent/Builder.php(758): Illuminate\\Database\\Eloquent\\Relations\\Relation->getEager()
#14 /home/elmir/Desktop/hospital-project - Copy/vendor/laravel/framework/src/Illuminate/Database/Eloquent/Builder.php(727): Illuminate\\Database\\Eloquent\\Builder->eagerLoadRelation()
#15 /home/elmir/Desktop/hospital-project - Copy/vendor/laravel/framework/src/Illuminate/Database/Eloquent/Builder.php(695): Illuminate\\Database\\Eloquent\\Builder->eagerLoadRelations()
#16 /home/elmir/Desktop/hospital-project - Copy/app/Http/Controllers/front/HomeController.php(35): Illuminate\\Database\\Eloquent\\Builder->get()
#17 [internal function]: App\\Http\\Controllers\\front\\HomeController->__construct()
#18 /home/elmir/Desktop/hospital-project - Copy/vendor/laravel/framework/src/Illuminate/Container/Container.php(929): ReflectionClass->newInstanceArgs()
#19 /home/elmir/Desktop/hospital-project - Copy/vendor/laravel/framework/src/Illuminate/Container/Container.php(770): Illuminate\\Container\\Container->build()
#20 /home/elmir/Desktop/hospital-project - Copy/vendor/laravel/framework/src/Illuminate/Foundation/Application.php(856): Illuminate\\Container\\Container->resolve()
#21 /home/elmir/Desktop/hospital-project - Copy/vendor/laravel/framework/src/Illuminate/Container/Container.php(706): Illuminate\\Foundation\\Application->resolve()
#22 /home/elmir/Desktop/hospital-project - Copy/vendor/laravel/framework/src/Illuminate/Foundation/Application.php(841): Illuminate\\Container\\Container->make()
#23 /home/elmir/Desktop/hospital-project - Copy/vendor/laravel/framework/src/Illuminate/Routing/Route.php(274): Illuminate\\Foundation\\Application->make()
#24 /home/elmir/Desktop/hospital-project - Copy/vendor/laravel/framework/src/Illuminate/Routing/Route.php(1099): Illuminate\\Routing\\Route->getController()
#25 /home/elmir/Desktop/hospital-project - Copy/vendor/laravel/framework/src/Illuminate/Routing/Route.php(1030): Illuminate\\Routing\\Route->controllerMiddleware()
#26 /home/elmir/Desktop/hospital-project - Copy/vendor/laravel/framework/src/Illuminate/Routing/Router.php(810): Illuminate\\Routing\\Route->gatherMiddleware()
#27 /home/elmir/Desktop/hospital-project - Copy/vendor/laravel/framework/src/Illuminate/Routing/Router.php(792): Illuminate\\Routing\\Router->gatherRouteMiddleware()
#28 /home/elmir/Desktop/hospital-project - Copy/vendor/laravel/framework/src/Illuminate/Routing/Router.php(776): Illuminate\\Routing\\Router->runRouteWithinStack()
#29 /home/elmir/Desktop/hospital-project - Copy/vendor/laravel/framework/src/Illuminate/Routing/Router.php(740): Illuminate\\Routing\\Router->runRoute()
#30 /home/elmir/Desktop/hospital-project - Copy/vendor/laravel/framework/src/Illuminate/Routing/Router.php(729): Illuminate\\Routing\\Router->dispatchToRoute()
#31 /home/elmir/Desktop/hospital-project - Copy/vendor/laravel/framework/src/Illuminate/Foundation/Http/Kernel.php(190): Illuminate\\Routing\\Router->dispatch()
#32 /home/elmir/Desktop/hospital-project - Copy/vendor/laravel/framework/src/Illuminate/Pipeline/Pipeline.php(141): Illuminate\\Foundation\\Http\\Kernel->Illuminate\\Foundation\\Http\\{closure}()
#33 /home/elmir/Desktop/hospital-project - Copy/vendor/laravel/framework/src/Illuminate/Foundation/Http/Middleware/TransformsRequest.php(21): Illuminate\\Pipeline\\Pipeline->Illuminate\\Pipeline\\{closure}()
#34 /home/elmir/Desktop/hospital-project - Copy/vendor/laravel/framework/src/Illuminate/Foundation/Http/Middleware/ConvertEmptyStringsToNull.php(31): Illuminate\\Foundation\\Http\\Middleware\\TransformsRequest->handle()
#35 /home/elmir/Desktop/hospital-project - Copy/vendor/laravel/framework/src/Illuminate/Pipeline/Pipeline.php(180): Illuminate\\Foundation\\Http\\Middleware\\ConvertEmptyStringsToNull->handle()
#36 /home/elmir/Desktop/hospital-project - Copy/vendor/laravel/framework/src/Illuminate/Foundation/Http/Middleware/TransformsRequest.php(21): Illuminate\\Pipeline\\Pipeline->Illuminate\\Pipeline\\{closure}()
#37 /home/elmir/Desktop/hospital-project - Copy/vendor/laravel/framework/src/Illuminate/Foundation/Http/Middleware/TrimStrings.php(40): Illuminate\\Foundation\\Http\\Middleware\\TransformsRequest->handle()
#38 /home/elmir/Desktop/hospital-project - Copy/vendor/laravel/framework/src/Illuminate/Pipeline/Pipeline.php(180): Illuminate\\Foundation\\Http\\Middleware\\TrimStrings->handle()
#39 /home/elmir/Desktop/hospital-project - Copy/vendor/laravel/framework/src/Illuminate/Foundation/Http/Middleware/ValidatePostSize.php(27): Illuminate\\Pipeline\\Pipeline->Illuminate\\Pipeline\\{closure}()
#40 /home/elmir/Desktop/hospital-project - Copy/vendor/laravel/framework/src/Illuminate/Pipeline/Pipeline.php(180): Illuminate\\Foundation\\Http\\Middleware\\ValidatePostSize->handle()
#41 /home/elmir/Desktop/hospital-project - Copy/vendor/laravel/framework/src/Illuminate/Foundation/Http/Middleware/PreventRequestsDuringMaintenance.php(86): Illuminate\\Pipeline\\Pipeline->Illuminate\\Pipeline\\{closure}()
#42 /home/elmir/Desktop/hospital-project - Copy/vendor/laravel/framework/src/Illuminate/Pipeline/Pipeline.php(180): Illuminate\\Foundation\\Http\\Middleware\\PreventRequestsDuringMaintenance->handle()
#43 /home/elmir/Desktop/hospital-project - Copy/vendor/laravel/framework/src/Illuminate/Http/Middleware/HandleCors.php(49): Illuminate\\Pipeline\\Pipeline->Illuminate\\Pipeline\\{closure}()
#44 /home/elmir/Desktop/hospital-project - Copy/vendor/laravel/framework/src/Illuminate/Pipeline/Pipeline.php(180): Illuminate\\Http\\Middleware\\HandleCors->handle()
#45 /home/elmir/Desktop/hospital-project - Copy/vendor/laravel/framework/src/Illuminate/Http/Middleware/TrustProxies.php(39): Illuminate\\Pipeline\\Pipeline->Illuminate\\Pipeline\\{closure}()
#46 /home/elmir/Desktop/hospital-project - Copy/vendor/laravel/framework/src/Illuminate/Pipeline/Pipeline.php(180): Illuminate\\Http\\Middleware\\TrustProxies->handle()
#47 /home/elmir/Desktop/hospital-project - Copy/vendor/laravel/framework/src/Illuminate/Pipeline/Pipeline.php(116): Illuminate\\Pipeline\\Pipeline->Illuminate\\Pipeline\\{closure}()
#48 /home/elmir/Desktop/hospital-project - Copy/vendor/laravel/framework/src/Illuminate/Foundation/Http/Kernel.php(165): Illuminate\\Pipeline\\Pipeline->then()
#49 /home/elmir/Desktop/hospital-project - Copy/vendor/laravel/framework/src/Illuminate/Foundation/Http/Kernel.php(134): Illuminate\\Foundation\\Http\\Kernel->sendRequestThroughRouter()
#50 /home/elmir/Desktop/hospital-project - Copy/public/index.php(51): Illuminate\\Foundation\\Http\\Kernel->handle()
#51 /home/elmir/Desktop/hospital-project - Copy/vendor/laravel/framework/src/Illuminate/Foundation/resources/server.php(16): require_once('...')
#52 {main}

[previous exception] [object] (PDOException(code: 42S02): SQLSTATE[42S02]: Base table or view not found: 1146 Table 'hospital.translations' doesn't exist at /home/elmir/Desktop/hospital-project - Copy/vendor/doctrine/dbal/lib/Doctrine/DBAL/Driver/PDOConnection.php:82)
[stacktrace]
#0 /home/elmir/Desktop/hospital-project - Copy/vendor/doctrine/dbal/lib/Doctrine/DBAL/Driver/PDOConnection.php(82): PDO->prepare()
#1 /home/elmir/Desktop/hospital-project - Copy/vendor/laravel/framework/src/Illuminate/Database/Connection.php(414): Doctrine\\DBAL\\Driver\\PDOConnection->prepare()
#2 /home/elmir/Desktop/hospital-project - Copy/vendor/laravel/framework/src/Illuminate/Database/Connection.php(753): Illuminate\\Database\\Connection->Illuminate\\Database\\{closure}()
#3 /home/elmir/Desktop/hospital-project - Copy/vendor/laravel/framework/src/Illuminate/Database/Connection.php(720): Illuminate\\Database\\Connection->runQueryCallback()
#4 /home/elmir/Desktop/hospital-project - Copy/vendor/laravel/framework/src/Illuminate/Database/Connection.php(405): Illuminate\\Database\\Connection->run()
#5 /home/elmir/Desktop/hospital-project - Copy/vendor/laravel/framework/src/Illuminate/Database/Query/Builder.php(2705): Illuminate\\Database\\Connection->select()
#6 /home/elmir/Desktop/hospital-project - Copy/vendor/laravel/framework/src/Illuminate/Database/Query/Builder.php(2694): Illuminate\\Database\\Query\\Builder->runSelect()
#7 /home/elmir/Desktop/hospital-project - Copy/vendor/laravel/framework/src/Illuminate/Database/Query/Builder.php(3230): Illuminate\\Database\\Query\\Builder->Illuminate\\Database\\Query\\{closure}()
#8 /home/elmir/Desktop/hospital-project - Copy/vendor/laravel/framework/src/Illuminate/Database/Query/Builder.php(2693): Illuminate\\Database\\Query\\Builder->onceWithColumns()
#9 /home/elmir/Desktop/hospital-project - Copy/vendor/laravel/framework/src/Illuminate/Database/Eloquent/Builder.php(710): Illuminate\\Database\\Query\\Builder->get()
#10 /home/elmir/Desktop/hospital-project - Copy/vendor/laravel/framework/src/Illuminate/Database/Eloquent/Builder.php(694): Illuminate\\Database\\Eloquent\\Builder->getModels()
#11 /home/elmir/Desktop/hospital-project - Copy/vendor/laravel/framework/src/Illuminate/Database/Eloquent/Relations/Relation.php(195): Illuminate\\Database\\Eloquent\\Builder->get()
#12 /home/elmir/Desktop/hospital-project - Copy/vendor/laravel/framework/src/Illuminate/Database/Eloquent/Relations/Relation.php(158): Illuminate\\Database\\Eloquent\\Relations\\Relation->get()
#13 /home/elmir/Desktop/hospital-project - Copy/vendor/laravel/framework/src/Illuminate/Database/Eloquent/Builder.php(758): Illuminate\\Database\\Eloquent\\Relations\\Relation->getEager()
#14 /home/elmir/Desktop/hospital-project - Copy/vendor/laravel/framework/src/Illuminate/Database/Eloquent/Builder.php(727): Illuminate\\Database\\Eloquent\\Builder->eagerLoadRelation()
#15 /home/elmir/Desktop/hospital-project - Copy/vendor/laravel/framework/src/Illuminate/Database/Eloquent/Builder.php(695): Illuminate\\Database\\Eloquent\\Builder->eagerLoadRelations()
#16 /home/elmir/Desktop/hospital-project - Copy/app/Http/Controllers/front/HomeController.php(35): Illuminate\\Database\\Eloquent\\Builder->get()
#17 [internal function]: App\\Http\\Controllers\\front\\HomeController->__construct()
#18 /home/elmir/Desktop/hospital-project - Copy/vendor/laravel/framework/src/Illuminate/Container/Container.php(929): ReflectionClass->newInstanceArgs()
#19 /home/elmir/Desktop/hospital-project - Copy/vendor/laravel/framework/src/Illuminate/Container/Container.php(770): Illuminate\\Container\\Container->build()
#20 /home/elmir/Desktop/hospital-project - Copy/vendor/laravel/framework/src/Illuminate/Foundation/Application.php(856): Illuminate\\Container\\Container->resolve()
#21 /home/elmir/Desktop/hospital-project - Copy/vendor/laravel/framework/src/Illuminate/Container/Container.php(706): Illuminate\\Foundation\\Application->resolve()
#22 /home/elmir/Desktop/hospital-project - Copy/vendor/laravel/framework/src/Illuminate/Foundation/Application.php(841): Illuminate\\Container\\Container->make()
#23 /home/elmir/Desktop/hospital-project - Copy/vendor/laravel/framework/src/Illuminate/Routing/Route.php(274): Illuminate\\Foundation\\Application->make()
#24 /home/elmir/Desktop/hospital-project - Copy/vendor/laravel/framework/src/Illuminate/Routing/Route.php(1099): Illuminate\\Routing\\Route->getController()
#25 /home/elmir/Desktop/hospital-project - Copy/vendor/laravel/framework/src/Illuminate/Routing/Route.php(1030): Illuminate\\Routing\\Route->controllerMiddleware()
#26 /home/elmir/Desktop/hospital-project - Copy/vendor/laravel/framework/src/Illuminate/Routing/Router.php(810): Illuminate\\Routing\\Route->gatherMiddleware()
#27 /home/elmir/Desktop/hospital-project - Copy/vendor/laravel/framework/src/Illuminate/Routing/Router.php(792): Illuminate\\Routing\\Router->gatherRouteMiddleware()
#28 /home/elmir/Desktop/hospital-project - Copy/vendor/laravel/framework/src/Illuminate/Routing/Router.php(776): Illuminate\\Routing\\Router->runRouteWithinStack()
#29 /home/elmir/Desktop/hospital-project - Copy/vendor/laravel/framework/src/Illuminate/Routing/Router.php(740): Illuminate\\Routing\\Router->runRoute()
#30 /home/elmir/Desktop/hospital-project - Copy/vendor/laravel/framework/src/Illuminate/Routing/Router.php(729): Illuminate\\Routing\\Router->dispatchToRoute()
#31 /home/elmir/Desktop/hospital-project - Copy/vendor/laravel/framework/src/Illuminate/Foundation/Http/Kernel.php(190): Illuminate\\Routing\\Router->dispatch()
#32 /home/elmir/Desktop/hospital-project - Copy/vendor/laravel/framework/src/Illuminate/Pipeline/Pipeline.php(141): Illuminate\\Foundation\\Http\\Kernel->Illuminate\\Foundation\\Http\\{closure}()
#33 /home/elmir/Desktop/hospital-project - Copy/vendor/laravel/framework/src/Illuminate/Foundation/Http/Middleware/TransformsRequest.php(21): Illuminate\\Pipeline\\Pipeline->Illuminate\\Pipeline\\{closure}()
#34 /home/elmir/Desktop/hospital-project - Copy/vendor/laravel/framework/src/Illuminate/Foundation/Http/Middleware/ConvertEmptyStringsToNull.php(31): Illuminate\\Foundation\\Http\\Middleware\\TransformsRequest->handle()
#35 /home/elmir/Desktop/hospital-project - Copy/vendor/laravel/framework/src/Illuminate/Pipeline/Pipeline.php(180): Illuminate\\Foundation\\Http\\Middleware\\ConvertEmptyStringsToNull->handle()
#36 /home/elmir/Desktop/hospital-project - Copy/vendor/laravel/framework/src/Illuminate/Foundation/Http/Middleware/TransformsRequest.php(21): Illuminate\\Pipeline\\Pipeline->Illuminate\\Pipeline\\{closure}()
#37 /home/elmir/Desktop/hospital-project - Copy/vendor/laravel/framework/src/Illuminate/Foundation/Http/Middleware/TrimStrings.php(40): Illuminate\\Foundation\\Http\\Middleware\\TransformsRequest->handle()
#38 /home/elmir/Desktop/hospital-project - Copy/vendor/laravel/framework/src/Illuminate/Pipeline/Pipeline.php(180): Illuminate\\Foundation\\Http\\Middleware\\TrimStrings->handle()
#39 /home/elmir/Desktop/hospital-project - Copy/vendor/laravel/framework/src/Illuminate/Foundation/Http/Middleware/ValidatePostSize.php(27): Illuminate\\Pipeline\\Pipeline->Illuminate\\Pipeline\\{closure}()
#40 /home/elmir/Desktop/hospital-project - Copy/vendor/laravel/framework/src/Illuminate/Pipeline/Pipeline.php(180): Illuminate\\Foundation\\Http\\Middleware\\ValidatePostSize->handle()
#41 /home/elmir/Desktop/hospital-project - Copy/vendor/laravel/framework/src/Illuminate/Foundation/Http/Middleware/PreventRequestsDuringMaintenance.php(86): Illuminate\\Pipeline\\Pipeline->Illuminate\\Pipeline\\{closure}()
#42 /home/elmir/Desktop/hospital-project - Copy/vendor/laravel/framework/src/Illuminate/Pipeline/Pipeline.php(180): Illuminate\\Foundation\\Http\\Middleware\\PreventRequestsDuringMaintenance->handle()
#43 /home/elmir/Desktop/hospital-project - Copy/vendor/laravel/framework/src/Illuminate/Http/Middleware/HandleCors.php(49): Illuminate\\Pipeline\\Pipeline->Illuminate\\Pipeline\\{closure}()
#44 /home/elmir/Desktop/hospital-project - Copy/vendor/laravel/framework/src/Illuminate/Pipeline/Pipeline.php(180): Illuminate\\Http\\Middleware\\HandleCors->handle()
#45 /home/elmir/Desktop/hospital-project - Copy/vendor/laravel/framework/src/Illuminate/Http/Middleware/TrustProxies.php(39): Illuminate\\Pipeline\\Pipeline->Illuminate\\Pipeline\\{closure}()
#46 /home/elmir/Desktop/hospital-project - Copy/vendor/laravel/framework/src/Illuminate/Pipeline/Pipeline.php(180): Illuminate\\Http\\Middleware\\TrustProxies->handle()
#47 /home/elmir/Desktop/hospital-project - Copy/vendor/laravel/framework/src/Illuminate/Pipeline/Pipeline.php(116): Illuminate\\Pipeline\\Pipeline->Illuminate\\Pipeline\\{closure}()
#48 /home/elmir/Desktop/hospital-project - Copy/vendor/laravel/framework/src/Illuminate/Foundation/Http/Kernel.php(165): Illuminate\\Pipeline\\Pipeline->then()
#49 /home/elmir/Desktop/hospital-project - Copy/vendor/laravel/framework/src/Illuminate/Foundation/Http/Kernel.php(134): Illuminate\\Foundation\\Http\\Kernel->sendRequestThroughRouter()
#50 /home/elmir/Desktop/hospital-project - Copy/public/index.php(51): Illuminate\\Foundation\\Http\\Kernel->handle()
#51 /home/elmir/Desktop/hospital-project - Copy/vendor/laravel/framework/src/Illuminate/Foundation/resources/server.php(16): require_once('...')
#52 {main}
"} 
[2023-05-09 17:40:50] local.ERROR: SQLSTATE[42S02]: Base table or view not found: 1146 Table 'hospital.translations' doesn't exist (SQL: select * from `translations` where `table_name` = services and `locale` in (en, ar, ru) and `translations`.`foreign_key` in (4) and (`locale` = en or `locale` = en)) {"exception":"[object] (Illuminate\\Database\\QueryException(code: 42S02): SQLSTATE[42S02]: Base table or view not found: 1146 Table 'hospital.translations' doesn't exist (SQL: select * from `translations` where `table_name` = services and `locale` in (en, ar, ru) and `translations`.`foreign_key` in (4) and (`locale` = en or `locale` = en)) at /home/elmir/Desktop/hospital-project - Copy/vendor/laravel/framework/src/Illuminate/Database/Connection.php:760)
[stacktrace]
#0 /home/elmir/Desktop/hospital-project - Copy/vendor/laravel/framework/src/Illuminate/Database/Connection.php(720): Illuminate\\Database\\Connection->runQueryCallback()
#1 /home/elmir/Desktop/hospital-project - Copy/vendor/laravel/framework/src/Illuminate/Database/Connection.php(405): Illuminate\\Database\\Connection->run()
#2 /home/elmir/Desktop/hospital-project - Copy/vendor/laravel/framework/src/Illuminate/Database/Query/Builder.php(2705): Illuminate\\Database\\Connection->select()
#3 /home/elmir/Desktop/hospital-project - Copy/vendor/laravel/framework/src/Illuminate/Database/Query/Builder.php(2694): Illuminate\\Database\\Query\\Builder->runSelect()
#4 /home/elmir/Desktop/hospital-project - Copy/vendor/laravel/framework/src/Illuminate/Database/Query/Builder.php(3230): Illuminate\\Database\\Query\\Builder->Illuminate\\Database\\Query\\{closure}()
#5 /home/elmir/Desktop/hospital-project - Copy/vendor/laravel/framework/src/Illuminate/Database/Query/Builder.php(2693): Illuminate\\Database\\Query\\Builder->onceWithColumns()
#6 /home/elmir/Desktop/hospital-project - Copy/vendor/laravel/framework/src/Illuminate/Database/Eloquent/Builder.php(710): Illuminate\\Database\\Query\\Builder->get()
#7 /home/elmir/Desktop/hospital-project - Copy/vendor/laravel/framework/src/Illuminate/Database/Eloquent/Builder.php(694): Illuminate\\Database\\Eloquent\\Builder->getModels()
#8 /home/elmir/Desktop/hospital-project - Copy/vendor/laravel/framework/src/Illuminate/Database/Eloquent/Relations/Relation.php(195): Illuminate\\Database\\Eloquent\\Builder->get()
#9 /home/elmir/Desktop/hospital-project - Copy/vendor/laravel/framework/src/Illuminate/Database/Eloquent/Relations/Relation.php(158): Illuminate\\Database\\Eloquent\\Relations\\Relation->get()
#10 /home/elmir/Desktop/hospital-project - Copy/vendor/laravel/framework/src/Illuminate/Database/Eloquent/Builder.php(758): Illuminate\\Database\\Eloquent\\Relations\\Relation->getEager()
#11 /home/elmir/Desktop/hospital-project - Copy/vendor/laravel/framework/src/Illuminate/Database/Eloquent/Builder.php(727): Illuminate\\Database\\Eloquent\\Builder->eagerLoadRelation()
#12 /home/elmir/Desktop/hospital-project - Copy/vendor/laravel/framework/src/Illuminate/Database/Eloquent/Builder.php(695): Illuminate\\Database\\Eloquent\\Builder->eagerLoadRelations()
#13 /home/elmir/Desktop/hospital-project - Copy/app/Http/Controllers/front/HomeController.php(35): Illuminate\\Database\\Eloquent\\Builder->get()
#14 [internal function]: App\\Http\\Controllers\\front\\HomeController->__construct()
#15 /home/elmir/Desktop/hospital-project - Copy/vendor/laravel/framework/src/Illuminate/Container/Container.php(929): ReflectionClass->newInstanceArgs()
#16 /home/elmir/Desktop/hospital-project - Copy/vendor/laravel/framework/src/Illuminate/Container/Container.php(770): Illuminate\\Container\\Container->build()
#17 /home/elmir/Desktop/hospital-project - Copy/vendor/laravel/framework/src/Illuminate/Foundation/Application.php(856): Illuminate\\Container\\Container->resolve()
#18 /home/elmir/Desktop/hospital-project - Copy/vendor/laravel/framework/src/Illuminate/Container/Container.php(706): Illuminate\\Foundation\\Application->resolve()
#19 /home/elmir/Desktop/hospital-project - Copy/vendor/laravel/framework/src/Illuminate/Foundation/Application.php(841): Illuminate\\Container\\Container->make()
#20 /home/elmir/Desktop/hospital-project - Copy/vendor/laravel/framework/src/Illuminate/Routing/Route.php(274): Illuminate\\Foundation\\Application->make()
#21 /home/elmir/Desktop/hospital-project - Copy/vendor/laravel/framework/src/Illuminate/Routing/Route.php(1099): Illuminate\\Routing\\Route->getController()
#22 /home/elmir/Desktop/hospital-project - Copy/vendor/laravel/framework/src/Illuminate/Routing/Route.php(1030): Illuminate\\Routing\\Route->controllerMiddleware()
#23 /home/elmir/Desktop/hospital-project - Copy/vendor/laravel/framework/src/Illuminate/Routing/Router.php(810): Illuminate\\Routing\\Route->gatherMiddleware()
#24 /home/elmir/Desktop/hospital-project - Copy/vendor/laravel/framework/src/Illuminate/Routing/Router.php(792): Illuminate\\Routing\\Router->gatherRouteMiddleware()
#25 /home/elmir/Desktop/hospital-project - Copy/vendor/laravel/framework/src/Illuminate/Routing/Router.php(776): Illuminate\\Routing\\Router->runRouteWithinStack()
#26 /home/elmir/Desktop/hospital-project - Copy/vendor/laravel/framework/src/Illuminate/Routing/Router.php(740): Illuminate\\Routing\\Router->runRoute()
#27 /home/elmir/Desktop/hospital-project - Copy/vendor/laravel/framework/src/Illuminate/Routing/Router.php(729): Illuminate\\Routing\\Router->dispatchToRoute()
#28 /home/elmir/Desktop/hospital-project - Copy/vendor/laravel/framework/src/Illuminate/Foundation/Http/Kernel.php(190): Illuminate\\Routing\\Router->dispatch()
#29 /home/elmir/Desktop/hospital-project - Copy/vendor/laravel/framework/src/Illuminate/Pipeline/Pipeline.php(141): Illuminate\\Foundation\\Http\\Kernel->Illuminate\\Foundation\\Http\\{closure}()
#30 /home/elmir/Desktop/hospital-project - Copy/vendor/laravel/framework/src/Illuminate/Foundation/Http/Middleware/TransformsRequest.php(21): Illuminate\\Pipeline\\Pipeline->Illuminate\\Pipeline\\{closure}()
#31 /home/elmir/Desktop/hospital-project - Copy/vendor/laravel/framework/src/Illuminate/Foundation/Http/Middleware/ConvertEmptyStringsToNull.php(31): Illuminate\\Foundation\\Http\\Middleware\\TransformsRequest->handle()
#32 /home/elmir/Desktop/hospital-project - Copy/vendor/laravel/framework/src/Illuminate/Pipeline/Pipeline.php(180): Illuminate\\Foundation\\Http\\Middleware\\ConvertEmptyStringsToNull->handle()
#33 /home/elmir/Desktop/hospital-project - Copy/vendor/laravel/framework/src/Illuminate/Foundation/Http/Middleware/TransformsRequest.php(21): Illuminate\\Pipeline\\Pipeline->Illuminate\\Pipeline\\{closure}()
#34 /home/elmir/Desktop/hospital-project - Copy/vendor/laravel/framework/src/Illuminate/Foundation/Http/Middleware/TrimStrings.php(40): Illuminate\\Foundation\\Http\\Middleware\\TransformsRequest->handle()
#35 /home/elmir/Desktop/hospital-project - Copy/vendor/laravel/framework/src/Illuminate/Pipeline/Pipeline.php(180): Illuminate\\Foundation\\Http\\Middleware\\TrimStrings->handle()
#36 /home/elmir/Desktop/hospital-project - Copy/vendor/laravel/framework/src/Illuminate/Foundation/Http/Middleware/ValidatePostSize.php(27): Illuminate\\Pipeline\\Pipeline->Illuminate\\Pipeline\\{closure}()
#37 /home/elmir/Desktop/hospital-project - Copy/vendor/laravel/framework/src/Illuminate/Pipeline/Pipeline.php(180): Illuminate\\Foundation\\Http\\Middleware\\ValidatePostSize->handle()
#38 /home/elmir/Desktop/hospital-project - Copy/vendor/laravel/framework/src/Illuminate/Foundation/Http/Middleware/PreventRequestsDuringMaintenance.php(86): Illuminate\\Pipeline\\Pipeline->Illuminate\\Pipeline\\{closure}()
#39 /home/elmir/Desktop/hospital-project - Copy/vendor/laravel/framework/src/Illuminate/Pipeline/Pipeline.php(180): Illuminate\\Foundation\\Http\\Middleware\\PreventRequestsDuringMaintenance->handle()
#40 /home/elmir/Desktop/hospital-project - Copy/vendor/laravel/framework/src/Illuminate/Http/Middleware/HandleCors.php(49): Illuminate\\Pipeline\\Pipeline->Illuminate\\Pipeline\\{closure}()
#41 /home/elmir/Desktop/hospital-project - Copy/vendor/laravel/framework/src/Illuminate/Pipeline/Pipeline.php(180): Illuminate\\Http\\Middleware\\HandleCors->handle()
#42 /home/elmir/Desktop/hospital-project - Copy/vendor/laravel/framework/src/Illuminate/Http/Middleware/TrustProxies.php(39): Illuminate\\Pipeline\\Pipeline->Illuminate\\Pipeline\\{closure}()
#43 /home/elmir/Desktop/hospital-project - Copy/vendor/laravel/framework/src/Illuminate/Pipeline/Pipeline.php(180): Illuminate\\Http\\Middleware\\TrustProxies->handle()
#44 /home/elmir/Desktop/hospital-project - Copy/vendor/laravel/framework/src/Illuminate/Pipeline/Pipeline.php(116): Illuminate\\Pipeline\\Pipeline->Illuminate\\Pipeline\\{closure}()
#45 /home/elmir/Desktop/hospital-project - Copy/vendor/laravel/framework/src/Illuminate/Foundation/Http/Kernel.php(165): Illuminate\\Pipeline\\Pipeline->then()
#46 /home/elmir/Desktop/hospital-project - Copy/vendor/laravel/framework/src/Illuminate/Foundation/Http/Kernel.php(134): Illuminate\\Foundation\\Http\\Kernel->sendRequestThroughRouter()
#47 /home/elmir/Desktop/hospital-project - Copy/public/index.php(51): Illuminate\\Foundation\\Http\\Kernel->handle()
#48 /home/elmir/Desktop/hospital-project - Copy/vendor/laravel/framework/src/Illuminate/Foundation/resources/server.php(16): require_once('...')
#49 {main}

[previous exception] [object] (Doctrine\\DBAL\\Driver\\PDO\\Exception(code: 42S02): SQLSTATE[42S02]: Base table or view not found: 1146 Table 'hospital.translations' doesn't exist at /home/elmir/Desktop/hospital-project - Copy/vendor/doctrine/dbal/lib/Doctrine/DBAL/Driver/PDO/Exception.php:18)
[stacktrace]
#0 /home/elmir/Desktop/hospital-project - Copy/vendor/doctrine/dbal/lib/Doctrine/DBAL/Driver/PDOConnection.php(87): Doctrine\\DBAL\\Driver\\PDO\\Exception::new()
#1 /home/elmir/Desktop/hospital-project - Copy/vendor/laravel/framework/src/Illuminate/Database/Connection.php(414): Doctrine\\DBAL\\Driver\\PDOConnection->prepare()
#2 /home/elmir/Desktop/hospital-project - Copy/vendor/laravel/framework/src/Illuminate/Database/Connection.php(753): Illuminate\\Database\\Connection->Illuminate\\Database\\{closure}()
#3 /home/elmir/Desktop/hospital-project - Copy/vendor/laravel/framework/src/Illuminate/Database/Connection.php(720): Illuminate\\Database\\Connection->runQueryCallback()
#4 /home/elmir/Desktop/hospital-project - Copy/vendor/laravel/framework/src/Illuminate/Database/Connection.php(405): Illuminate\\Database\\Connection->run()
#5 /home/elmir/Desktop/hospital-project - Copy/vendor/laravel/framework/src/Illuminate/Database/Query/Builder.php(2705): Illuminate\\Database\\Connection->select()
#6 /home/elmir/Desktop/hospital-project - Copy/vendor/laravel/framework/src/Illuminate/Database/Query/Builder.php(2694): Illuminate\\Database\\Query\\Builder->runSelect()
#7 /home/elmir/Desktop/hospital-project - Copy/vendor/laravel/framework/src/Illuminate/Database/Query/Builder.php(3230): Illuminate\\Database\\Query\\Builder->Illuminate\\Database\\Query\\{closure}()
#8 /home/elmir/Desktop/hospital-project - Copy/vendor/laravel/framework/src/Illuminate/Database/Query/Builder.php(2693): Illuminate\\Database\\Query\\Builder->onceWithColumns()
#9 /home/elmir/Desktop/hospital-project - Copy/vendor/laravel/framework/src/Illuminate/Database/Eloquent/Builder.php(710): Illuminate\\Database\\Query\\Builder->get()
#10 /home/elmir/Desktop/hospital-project - Copy/vendor/laravel/framework/src/Illuminate/Database/Eloquent/Builder.php(694): Illuminate\\Database\\Eloquent\\Builder->getModels()
#11 /home/elmir/Desktop/hospital-project - Copy/vendor/laravel/framework/src/Illuminate/Database/Eloquent/Relations/Relation.php(195): Illuminate\\Database\\Eloquent\\Builder->get()
#12 /home/elmir/Desktop/hospital-project - Copy/vendor/laravel/framework/src/Illuminate/Database/Eloquent/Relations/Relation.php(158): Illuminate\\Database\\Eloquent\\Relations\\Relation->get()
#13 /home/elmir/Desktop/hospital-project - Copy/vendor/laravel/framework/src/Illuminate/Database/Eloquent/Builder.php(758): Illuminate\\Database\\Eloquent\\Relations\\Relation->getEager()
#14 /home/elmir/Desktop/hospital-project - Copy/vendor/laravel/framework/src/Illuminate/Database/Eloquent/Builder.php(727): Illuminate\\Database\\Eloquent\\Builder->eagerLoadRelation()
#15 /home/elmir/Desktop/hospital-project - Copy/vendor/laravel/framework/src/Illuminate/Database/Eloquent/Builder.php(695): Illuminate\\Database\\Eloquent\\Builder->eagerLoadRelations()
#16 /home/elmir/Desktop/hospital-project - Copy/app/Http/Controllers/front/HomeController.php(35): Illuminate\\Database\\Eloquent\\Builder->get()
#17 [internal function]: App\\Http\\Controllers\\front\\HomeController->__construct()
#18 /home/elmir/Desktop/hospital-project - Copy/vendor/laravel/framework/src/Illuminate/Container/Container.php(929): ReflectionClass->newInstanceArgs()
#19 /home/elmir/Desktop/hospital-project - Copy/vendor/laravel/framework/src/Illuminate/Container/Container.php(770): Illuminate\\Container\\Container->build()
#20 /home/elmir/Desktop/hospital-project - Copy/vendor/laravel/framework/src/Illuminate/Foundation/Application.php(856): Illuminate\\Container\\Container->resolve()
#21 /home/elmir/Desktop/hospital-project - Copy/vendor/laravel/framework/src/Illuminate/Container/Container.php(706): Illuminate\\Foundation\\Application->resolve()
#22 /home/elmir/Desktop/hospital-project - Copy/vendor/laravel/framework/src/Illuminate/Foundation/Application.php(841): Illuminate\\Container\\Container->make()
#23 /home/elmir/Desktop/hospital-project - Copy/vendor/laravel/framework/src/Illuminate/Routing/Route.php(274): Illuminate\\Foundation\\Application->make()
#24 /home/elmir/Desktop/hospital-project - Copy/vendor/laravel/framework/src/Illuminate/Routing/Route.php(1099): Illuminate\\Routing\\Route->getController()
#25 /home/elmir/Desktop/hospital-project - Copy/vendor/laravel/framework/src/Illuminate/Routing/Route.php(1030): Illuminate\\Routing\\Route->controllerMiddleware()
#26 /home/elmir/Desktop/hospital-project - Copy/vendor/laravel/framework/src/Illuminate/Routing/Router.php(810): Illuminate\\Routing\\Route->gatherMiddleware()
#27 /home/elmir/Desktop/hospital-project - Copy/vendor/laravel/framework/src/Illuminate/Routing/Router.php(792): Illuminate\\Routing\\Router->gatherRouteMiddleware()
#28 /home/elmir/Desktop/hospital-project - Copy/vendor/laravel/framework/src/Illuminate/Routing/Router.php(776): Illuminate\\Routing\\Router->runRouteWithinStack()
#29 /home/elmir/Desktop/hospital-project - Copy/vendor/laravel/framework/src/Illuminate/Routing/Router.php(740): Illuminate\\Routing\\Router->runRoute()
#30 /home/elmir/Desktop/hospital-project - Copy/vendor/laravel/framework/src/Illuminate/Routing/Router.php(729): Illuminate\\Routing\\Router->dispatchToRoute()
#31 /home/elmir/Desktop/hospital-project - Copy/vendor/laravel/framework/src/Illuminate/Foundation/Http/Kernel.php(190): Illuminate\\Routing\\Router->dispatch()
#32 /home/elmir/Desktop/hospital-project - Copy/vendor/laravel/framework/src/Illuminate/Pipeline/Pipeline.php(141): Illuminate\\Foundation\\Http\\Kernel->Illuminate\\Foundation\\Http\\{closure}()
#33 /home/elmir/Desktop/hospital-project - Copy/vendor/laravel/framework/src/Illuminate/Foundation/Http/Middleware/TransformsRequest.php(21): Illuminate\\Pipeline\\Pipeline->Illuminate\\Pipeline\\{closure}()
#34 /home/elmir/Desktop/hospital-project - Copy/vendor/laravel/framework/src/Illuminate/Foundation/Http/Middleware/ConvertEmptyStringsToNull.php(31): Illuminate\\Foundation\\Http\\Middleware\\TransformsRequest->handle()
#35 /home/elmir/Desktop/hospital-project - Copy/vendor/laravel/framework/src/Illuminate/Pipeline/Pipeline.php(180): Illuminate\\Foundation\\Http\\Middleware\\ConvertEmptyStringsToNull->handle()
#36 /home/elmir/Desktop/hospital-project - Copy/vendor/laravel/framework/src/Illuminate/Foundation/Http/Middleware/TransformsRequest.php(21): Illuminate\\Pipeline\\Pipeline->Illuminate\\Pipeline\\{closure}()
#37 /home/elmir/Desktop/hospital-project - Copy/vendor/laravel/framework/src/Illuminate/Foundation/Http/Middleware/TrimStrings.php(40): Illuminate\\Foundation\\Http\\Middleware\\TransformsRequest->handle()
#38 /home/elmir/Desktop/hospital-project - Copy/vendor/laravel/framework/src/Illuminate/Pipeline/Pipeline.php(180): Illuminate\\Foundation\\Http\\Middleware\\TrimStrings->handle()
#39 /home/elmir/Desktop/hospital-project - Copy/vendor/laravel/framework/src/Illuminate/Foundation/Http/Middleware/ValidatePostSize.php(27): Illuminate\\Pipeline\\Pipeline->Illuminate\\Pipeline\\{closure}()
#40 /home/elmir/Desktop/hospital-project - Copy/vendor/laravel/framework/src/Illuminate/Pipeline/Pipeline.php(180): Illuminate\\Foundation\\Http\\Middleware\\ValidatePostSize->handle()
#41 /home/elmir/Desktop/hospital-project - Copy/vendor/laravel/framework/src/Illuminate/Foundation/Http/Middleware/PreventRequestsDuringMaintenance.php(86): Illuminate\\Pipeline\\Pipeline->Illuminate\\Pipeline\\{closure}()
#42 /home/elmir/Desktop/hospital-project - Copy/vendor/laravel/framework/src/Illuminate/Pipeline/Pipeline.php(180): Illuminate\\Foundation\\Http\\Middleware\\PreventRequestsDuringMaintenance->handle()
#43 /home/elmir/Desktop/hospital-project - Copy/vendor/laravel/framework/src/Illuminate/Http/Middleware/HandleCors.php(49): Illuminate\\Pipeline\\Pipeline->Illuminate\\Pipeline\\{closure}()
#44 /home/elmir/Desktop/hospital-project - Copy/vendor/laravel/framework/src/Illuminate/Pipeline/Pipeline.php(180): Illuminate\\Http\\Middleware\\HandleCors->handle()
#45 /home/elmir/Desktop/hospital-project - Copy/vendor/laravel/framework/src/Illuminate/Http/Middleware/TrustProxies.php(39): Illuminate\\Pipeline\\Pipeline->Illuminate\\Pipeline\\{closure}()
#46 /home/elmir/Desktop/hospital-project - Copy/vendor/laravel/framework/src/Illuminate/Pipeline/Pipeline.php(180): Illuminate\\Http\\Middleware\\TrustProxies->handle()
#47 /home/elmir/Desktop/hospital-project - Copy/vendor/laravel/framework/src/Illuminate/Pipeline/Pipeline.php(116): Illuminate\\Pipeline\\Pipeline->Illuminate\\Pipeline\\{closure}()
#48 /home/elmir/Desktop/hospital-project - Copy/vendor/laravel/framework/src/Illuminate/Foundation/Http/Kernel.php(165): Illuminate\\Pipeline\\Pipeline->then()
#49 /home/elmir/Desktop/hospital-project - Copy/vendor/laravel/framework/src/Illuminate/Foundation/Http/Kernel.php(134): Illuminate\\Foundation\\Http\\Kernel->sendRequestThroughRouter()
#50 /home/elmir/Desktop/hospital-project - Copy/public/index.php(51): Illuminate\\Foundation\\Http\\Kernel->handle()
#51 /home/elmir/Desktop/hospital-project - Copy/vendor/laravel/framework/src/Illuminate/Foundation/resources/server.php(16): require_once('...')
#52 {main}

[previous exception] [object] (PDOException(code: 42S02): SQLSTATE[42S02]: Base table or view not found: 1146 Table 'hospital.translations' doesn't exist at /home/elmir/Desktop/hospital-project - Copy/vendor/doctrine/dbal/lib/Doctrine/DBAL/Driver/PDOConnection.php:82)
[stacktrace]
#0 /home/elmir/Desktop/hospital-project - Copy/vendor/doctrine/dbal/lib/Doctrine/DBAL/Driver/PDOConnection.php(82): PDO->prepare()
#1 /home/elmir/Desktop/hospital-project - Copy/vendor/laravel/framework/src/Illuminate/Database/Connection.php(414): Doctrine\\DBAL\\Driver\\PDOConnection->prepare()
#2 /home/elmir/Desktop/hospital-project - Copy/vendor/laravel/framework/src/Illuminate/Database/Connection.php(753): Illuminate\\Database\\Connection->Illuminate\\Database\\{closure}()
#3 /home/elmir/Desktop/hospital-project - Copy/vendor/laravel/framework/src/Illuminate/Database/Connection.php(720): Illuminate\\Database\\Connection->runQueryCallback()
#4 /home/elmir/Desktop/hospital-project - Copy/vendor/laravel/framework/src/Illuminate/Database/Connection.php(405): Illuminate\\Database\\Connection->run()
#5 /home/elmir/Desktop/hospital-project - Copy/vendor/laravel/framework/src/Illuminate/Database/Query/Builder.php(2705): Illuminate\\Database\\Connection->select()
#6 /home/elmir/Desktop/hospital-project - Copy/vendor/laravel/framework/src/Illuminate/Database/Query/Builder.php(2694): Illuminate\\Database\\Query\\Builder->runSelect()
#7 /home/elmir/Desktop/hospital-project - Copy/vendor/laravel/framework/src/Illuminate/Database/Query/Builder.php(3230): Illuminate\\Database\\Query\\Builder->Illuminate\\Database\\Query\\{closure}()
#8 /home/elmir/Desktop/hospital-project - Copy/vendor/laravel/framework/src/Illuminate/Database/Query/Builder.php(2693): Illuminate\\Database\\Query\\Builder->onceWithColumns()
#9 /home/elmir/Desktop/hospital-project - Copy/vendor/laravel/framework/src/Illuminate/Database/Eloquent/Builder.php(710): Illuminate\\Database\\Query\\Builder->get()
#10 /home/elmir/Desktop/hospital-project - Copy/vendor/laravel/framework/src/Illuminate/Database/Eloquent/Builder.php(694): Illuminate\\Database\\Eloquent\\Builder->getModels()
#11 /home/elmir/Desktop/hospital-project - Copy/vendor/laravel/framework/src/Illuminate/Database/Eloquent/Relations/Relation.php(195): Illuminate\\Database\\Eloquent\\Builder->get()
#12 /home/elmir/Desktop/hospital-project - Copy/vendor/laravel/framework/src/Illuminate/Database/Eloquent/Relations/Relation.php(158): Illuminate\\Database\\Eloquent\\Relations\\Relation->get()
#13 /home/elmir/Desktop/hospital-project - Copy/vendor/laravel/framework/src/Illuminate/Database/Eloquent/Builder.php(758): Illuminate\\Database\\Eloquent\\Relations\\Relation->getEager()
#14 /home/elmir/Desktop/hospital-project - Copy/vendor/laravel/framework/src/Illuminate/Database/Eloquent/Builder.php(727): Illuminate\\Database\\Eloquent\\Builder->eagerLoadRelation()
#15 /home/elmir/Desktop/hospital-project - Copy/vendor/laravel/framework/src/Illuminate/Database/Eloquent/Builder.php(695): Illuminate\\Database\\Eloquent\\Builder->eagerLoadRelations()
#16 /home/elmir/Desktop/hospital-project - Copy/app/Http/Controllers/front/HomeController.php(35): Illuminate\\Database\\Eloquent\\Builder->get()
#17 [internal function]: App\\Http\\Controllers\\front\\HomeController->__construct()
#18 /home/elmir/Desktop/hospital-project - Copy/vendor/laravel/framework/src/Illuminate/Container/Container.php(929): ReflectionClass->newInstanceArgs()
#19 /home/elmir/Desktop/hospital-project - Copy/vendor/laravel/framework/src/Illuminate/Container/Container.php(770): Illuminate\\Container\\Container->build()
#20 /home/elmir/Desktop/hospital-project - Copy/vendor/laravel/framework/src/Illuminate/Foundation/Application.php(856): Illuminate\\Container\\Container->resolve()
#21 /home/elmir/Desktop/hospital-project - Copy/vendor/laravel/framework/src/Illuminate/Container/Container.php(706): Illuminate\\Foundation\\Application->resolve()
#22 /home/elmir/Desktop/hospital-project - Copy/vendor/laravel/framework/src/Illuminate/Foundation/Application.php(841): Illuminate\\Container\\Container->make()
#23 /home/elmir/Desktop/hospital-project - Copy/vendor/laravel/framework/src/Illuminate/Routing/Route.php(274): Illuminate\\Foundation\\Application->make()
#24 /home/elmir/Desktop/hospital-project - Copy/vendor/laravel/framework/src/Illuminate/Routing/Route.php(1099): Illuminate\\Routing\\Route->getController()
#25 /home/elmir/Desktop/hospital-project - Copy/vendor/laravel/framework/src/Illuminate/Routing/Route.php(1030): Illuminate\\Routing\\Route->controllerMiddleware()
#26 /home/elmir/Desktop/hospital-project - Copy/vendor/laravel/framework/src/Illuminate/Routing/Router.php(810): Illuminate\\Routing\\Route->gatherMiddleware()
#27 /home/elmir/Desktop/hospital-project - Copy/vendor/laravel/framework/src/Illuminate/Routing/Router.php(792): Illuminate\\Routing\\Router->gatherRouteMiddleware()
#28 /home/elmir/Desktop/hospital-project - Copy/vendor/laravel/framework/src/Illuminate/Routing/Router.php(776): Illuminate\\Routing\\Router->runRouteWithinStack()
#29 /home/elmir/Desktop/hospital-project - Copy/vendor/laravel/framework/src/Illuminate/Routing/Router.php(740): Illuminate\\Routing\\Router->runRoute()
#30 /home/elmir/Desktop/hospital-project - Copy/vendor/laravel/framework/src/Illuminate/Routing/Router.php(729): Illuminate\\Routing\\Router->dispatchToRoute()
#31 /home/elmir/Desktop/hospital-project - Copy/vendor/laravel/framework/src/Illuminate/Foundation/Http/Kernel.php(190): Illuminate\\Routing\\Router->dispatch()
#32 /home/elmir/Desktop/hospital-project - Copy/vendor/laravel/framework/src/Illuminate/Pipeline/Pipeline.php(141): Illuminate\\Foundation\\Http\\Kernel->Illuminate\\Foundation\\Http\\{closure}()
#33 /home/elmir/Desktop/hospital-project - Copy/vendor/laravel/framework/src/Illuminate/Foundation/Http/Middleware/TransformsRequest.php(21): Illuminate\\Pipeline\\Pipeline->Illuminate\\Pipeline\\{closure}()
#34 /home/elmir/Desktop/hospital-project - Copy/vendor/laravel/framework/src/Illuminate/Foundation/Http/Middleware/ConvertEmptyStringsToNull.php(31): Illuminate\\Foundation\\Http\\Middleware\\TransformsRequest->handle()
#35 /home/elmir/Desktop/hospital-project - Copy/vendor/laravel/framework/src/Illuminate/Pipeline/Pipeline.php(180): Illuminate\\Foundation\\Http\\Middleware\\ConvertEmptyStringsToNull->handle()
#36 /home/elmir/Desktop/hospital-project - Copy/vendor/laravel/framework/src/Illuminate/Foundation/Http/Middleware/TransformsRequest.php(21): Illuminate\\Pipeline\\Pipeline->Illuminate\\Pipeline\\{closure}()
#37 /home/elmir/Desktop/hospital-project - Copy/vendor/laravel/framework/src/Illuminate/Foundation/Http/Middleware/TrimStrings.php(40): Illuminate\\Foundation\\Http\\Middleware\\TransformsRequest->handle()
#38 /home/elmir/Desktop/hospital-project - Copy/vendor/laravel/framework/src/Illuminate/Pipeline/Pipeline.php(180): Illuminate\\Foundation\\Http\\Middleware\\TrimStrings->handle()
#39 /home/elmir/Desktop/hospital-project - Copy/vendor/laravel/framework/src/Illuminate/Foundation/Http/Middleware/ValidatePostSize.php(27): Illuminate\\Pipeline\\Pipeline->Illuminate\\Pipeline\\{closure}()
#40 /home/elmir/Desktop/hospital-project - Copy/vendor/laravel/framework/src/Illuminate/Pipeline/Pipeline.php(180): Illuminate\\Foundation\\Http\\Middleware\\ValidatePostSize->handle()
#41 /home/elmir/Desktop/hospital-project - Copy/vendor/laravel/framework/src/Illuminate/Foundation/Http/Middleware/PreventRequestsDuringMaintenance.php(86): Illuminate\\Pipeline\\Pipeline->Illuminate\\Pipeline\\{closure}()
#42 /home/elmir/Desktop/hospital-project - Copy/vendor/laravel/framework/src/Illuminate/Pipeline/Pipeline.php(180): Illuminate\\Foundation\\Http\\Middleware\\PreventRequestsDuringMaintenance->handle()
#43 /home/elmir/Desktop/hospital-project - Copy/vendor/laravel/framework/src/Illuminate/Http/Middleware/HandleCors.php(49): Illuminate\\Pipeline\\Pipeline->Illuminate\\Pipeline\\{closure}()
#44 /home/elmir/Desktop/hospital-project - Copy/vendor/laravel/framework/src/Illuminate/Pipeline/Pipeline.php(180): Illuminate\\Http\\Middleware\\HandleCors->handle()
#45 /home/elmir/Desktop/hospital-project - Copy/vendor/laravel/framework/src/Illuminate/Http/Middleware/TrustProxies.php(39): Illuminate\\Pipeline\\Pipeline->Illuminate\\Pipeline\\{closure}()
#46 /home/elmir/Desktop/hospital-project - Copy/vendor/laravel/framework/src/Illuminate/Pipeline/Pipeline.php(180): Illuminate\\Http\\Middleware\\TrustProxies->handle()
#47 /home/elmir/Desktop/hospital-project - Copy/vendor/laravel/framework/src/Illuminate/Pipeline/Pipeline.php(116): Illuminate\\Pipeline\\Pipeline->Illuminate\\Pipeline\\{closure}()
#48 /home/elmir/Desktop/hospital-project - Copy/vendor/laravel/framework/src/Illuminate/Foundation/Http/Kernel.php(165): Illuminate\\Pipeline\\Pipeline->then()
#49 /home/elmir/Desktop/hospital-project - Copy/vendor/laravel/framework/src/Illuminate/Foundation/Http/Kernel.php(134): Illuminate\\Foundation\\Http\\Kernel->sendRequestThroughRouter()
#50 /home/elmir/Desktop/hospital-project - Copy/public/index.php(51): Illuminate\\Foundation\\Http\\Kernel->handle()
#51 /home/elmir/Desktop/hospital-project - Copy/vendor/laravel/framework/src/Illuminate/Foundation/resources/server.php(16): require_once('...')
#52 {main}
"} 
